{
  "stats": {
    "suites": 1,
    "tests": 3,
    "passes": 3,
    "pending": 0,
    "failures": 0,
    "start": "2026-08-31T18:34:07.237Z",
    "end": "2026-08-31T18:34:35.770Z",
    "duration": 28533,
    "testsRegistered": 3,
    "passPercent": 100,
    "pendingPercent": 0,
    "other": 0,
    "hasOther": false,
    "skipped": 0,
    "hasSkipped": false
  },
  "results": [
    {
      "uuid": "9cc810f4-b7f1-4c14-a843-51abc6d72650",
      "title": "",
      "fullFile": "cypress\\e2e\\intercept.cy.js",
      "file": "cypress\\e2e\\intercept.cy.js",
      "beforeHooks": [],
      "afterHooks": [],
      "tests": [],
      "suites": [
        {
          "uuid": "843ef9af-6c96-4135-97eb-f7aa434dcdeb",
          "title": "Teste de Autenticação",
          "fullFile": "",
          "file": "",
          "beforeHooks": [],
          "afterHooks": [],
          "tests": [
            {
              "title": "Adiconar item ao carrinho",
              "fullTitle": "Teste de Autenticação Adiconar item ao carrinho",
              "timedOut": null,
              "duration": 9995,
              "state": "passed",
              "speed": "medium",
              "pass": true,
              "fail": false,
              "pending": false,
              "context": null,
              "code": "cy.intercept('GET', '**/public/getCategories', {\n  fixture: 'categories.json'\n}).as('getCategories');\nhomePage.addProduto();",
              "err": {},
              "uuid": "d5ee678d-2d5b-479a-9e96-38a3f6e6b1ac",
              "parentUUID": "843ef9af-6c96-4135-97eb-f7aa434dcdeb",
              "isHook": false,
              "skipped": false
            },
            {
              "title": "Removendo item do carrinho",
              "fullTitle": "Teste de Autenticação Removendo item do carrinho",
              "timedOut": null,
              "duration": 6162,
              "state": "passed",
              "speed": "medium",
              "pass": true,
              "fail": false,
              "pending": false,
              "context": null,
              "code": "cy.intercept('GET', '**/public/getCategories', {\n  fixture: 'categories.json'\n}).as('getCategories');\nhomePage.removeProduto();",
              "err": {},
              "uuid": "5246f1ea-af51-43c7-9696-ce6af2b88443",
              "parentUUID": "843ef9af-6c96-4135-97eb-f7aa434dcdeb",
              "isHook": false,
              "skipped": false
            },
            {
              "title": "Atualizar item no carrinho",
              "fullTitle": "Teste de Autenticação Atualizar item no carrinho",
              "timedOut": null,
              "duration": 11780,
              "state": "passed",
              "speed": "slow",
              "pass": true,
              "fail": false,
              "pending": false,
              "context": null,
              "code": "cy.intercept('GET', '**/public/getCategories', {\n  fixture: 'categories.json'\n}).as('getCategories');\nhomePage.addProduto();\nhomePage.atualizarProduto();",
              "err": {},
              "uuid": "ff45176d-3478-48a1-b116-805141b7d82c",
              "parentUUID": "843ef9af-6c96-4135-97eb-f7aa434dcdeb",
              "isHook": false,
              "skipped": false
            }
          ],
          "suites": [],
          "passes": [
            "d5ee678d-2d5b-479a-9e96-38a3f6e6b1ac",
            "5246f1ea-af51-43c7-9696-ce6af2b88443",
            "ff45176d-3478-48a1-b116-805141b7d82c"
          ],
          "failures": [],
          "pending": [],
          "skipped": [],
          "duration": 27937,
          "root": false,
          "rootEmpty": false,
          "_timeout": 2000
        }
      ],
      "passes": [],
      "failures": [],
      "pending": [],
      "skipped": [],
      "duration": 0,
      "root": true,
      "rootEmpty": true,
      "_timeout": 2000
    }
  ],
  "meta": {
    "mocha": {
      "version": "7.0.1"
    },
    "mochawesome": {
      "options": {
        "quiet": false,
        "reportFilename": "[name]-result",
        "saveHtml": true,
        "saveJson": true,
        "consoleReporter": "spec",
        "useInlineDiffs": false,
        "code": true
      },
      "version": "7.1.4"
    },
    "marge": {
      "options": {
        "reportFilename": "[name]-result",
        "overwrite": false,
        "html": true,
        "json": true
      },
      "version": "6.3.2"
    }
  }
}